0 info it worked if it ends with ok
1 verbose cli [ '/usr/bin/nodejs', '/usr/bin/npm', 'install', '-g', 'bower' ]
2 info using npm@1.3.10
3 info using node@v0.10.25
4 verbose cache add [ 'bower', null ]
5 verbose cache add name=undefined spec="bower" args=["bower",null]
6 verbose parsed url { protocol: null,
6 verbose parsed url   slashes: null,
6 verbose parsed url   auth: null,
6 verbose parsed url   host: null,
6 verbose parsed url   port: null,
6 verbose parsed url   hostname: null,
6 verbose parsed url   hash: null,
6 verbose parsed url   search: null,
6 verbose parsed url   query: null,
6 verbose parsed url   pathname: 'bower',
6 verbose parsed url   path: 'bower',
6 verbose parsed url   href: 'bower' }
7 silly lockFile 206e3ce5-bower bower
8 verbose lock bower /home/jordan/.npm/206e3ce5-bower.lock
9 silly lockFile 206e3ce5-bower bower
10 silly lockFile 206e3ce5-bower bower
11 verbose addNamed [ 'bower', '' ]
12 verbose addNamed [ null, '*' ]
13 silly lockFile 1240aab1-bower bower@
14 verbose lock bower@ /home/jordan/.npm/1240aab1-bower.lock
15 silly addNameRange { name: 'bower', range: '*', hasData: false }
16 verbose url raw bower
17 verbose url resolving [ 'https://registry.npmjs.org/', './bower' ]
18 verbose url resolved https://registry.npmjs.org/bower
19 info trying registry request attempt 1 at 12:35:49
20 verbose etag "AQMHMVUK4I7ISDDGZD50UEIJS"
21 http GET https://registry.npmjs.org/bower
22 http 200 https://registry.npmjs.org/bower
23 silly registry.get cb [ 200,
23 silly registry.get   { server: 'CouchDB/1.5.0 (Erlang OTP/R16B03)',
23 silly registry.get     etag: '"AHUG6I6FSKDJVXVZZ03DKMYIK"',
23 silly registry.get     'content-type': 'application/json',
23 silly registry.get     'cache-control': 'max-age=60',
23 silly registry.get     'content-length': '158209',
23 silly registry.get     'accept-ranges': 'bytes',
23 silly registry.get     date: 'Tue, 08 Dec 2015 18:35:50 GMT',
23 silly registry.get     via: '1.1 varnish',
23 silly registry.get     age: '0',
23 silly registry.get     connection: 'keep-alive',
23 silly registry.get     'x-served-by': 'cache-dfw1825-DFW',
23 silly registry.get     'x-cache': 'HIT',
23 silly registry.get     'x-cache-hits': '1',
23 silly registry.get     'x-timer': 'S1449599750.023902,VS0,VE189',
23 silly registry.get     vary: 'Accept' } ]
24 silly addNameRange number 2 { name: 'bower', range: '*', hasData: true }
25 silly addNameRange versions [ 'bower',
25 silly addNameRange   [ '0.1.0',
25 silly addNameRange     '0.1.2',
25 silly addNameRange     '0.1.3',
25 silly addNameRange     '0.2.0',
25 silly addNameRange     '0.3.0',
25 silly addNameRange     '0.3.1',
25 silly addNameRange     '0.3.2',
25 silly addNameRange     '0.4.0',
25 silly addNameRange     '0.5.0',
25 silly addNameRange     '0.5.1',
25 silly addNameRange     '0.6.0',
25 silly addNameRange     '0.6.1',
25 silly addNameRange     '0.6.2',
25 silly addNameRange     '0.6.3',
25 silly addNameRange     '0.6.4',
25 silly addNameRange     '0.6.5',
25 silly addNameRange     '0.6.6',
25 silly addNameRange     '0.6.7',
25 silly addNameRange     '0.6.8',
25 silly addNameRange     '0.7.0',
25 silly addNameRange     '0.7.1',
25 silly addNameRange     '0.8.0',
25 silly addNameRange     '0.8.1',
25 silly addNameRange     '0.8.2',
25 silly addNameRange     '0.8.3',
25 silly addNameRange     '0.8.4',
25 silly addNameRange     '0.8.5',
25 silly addNameRange     '0.8.6',
25 silly addNameRange     '0.9.0',
25 silly addNameRange     '0.9.1',
25 silly addNameRange     '0.9.2',
25 silly addNameRange     '0.10.0',
25 silly addNameRange     '1.0.0',
25 silly addNameRange     '1.0.1',
25 silly addNameRange     '1.0.2',
25 silly addNameRange     '1.0.3',
25 silly addNameRange     '1.1.0',
25 silly addNameRange     '1.1.1',
25 silly addNameRange     '1.1.2',
25 silly addNameRange     '1.2.0',
25 silly addNameRange     '1.2.1',
25 silly addNameRange     '1.2.2',
25 silly addNameRange     '1.2.3',
25 silly addNameRange     '1.2.4',
25 silly addNameRange     '1.2.5',
25 silly addNameRange     '1.2.6',
25 silly addNameRange     '1.2.7',
25 silly addNameRange     '1.2.8',
25 silly addNameRange     '1.3.0',
25 silly addNameRange     '1.3.1',
25 silly addNameRange     '1.3.2',
25 silly addNameRange     '1.3.3',
25 silly addNameRange     '1.3.4',
25 silly addNameRange     '1.3.5',
25 silly addNameRange     '1.3.6',
25 silly addNameRange     '1.3.7',
25 silly addNameRange     '1.3.8',
25 silly addNameRange     '1.3.9',
25 silly addNameRange     '1.3.10',
25 silly addNameRange     '1.3.11',
25 silly addNameRange     '1.3.12',
25 silly addNameRange     '1.4.0',
25 silly addNameRange     '1.4.1',
25 silly addNameRange     '1.5.0',
25 silly addNameRange     '1.5.1',
25 silly addNameRange     '1.5.2',
25 silly addNameRange     '1.5.3',
25 silly addNameRange     '1.6.2',
25 silly addNameRange     '1.6.3',
25 silly addNameRange     '1.6.4',
25 silly addNameRange     '1.6.5',
25 silly addNameRange     '1.5.4',
25 silly addNameRange     '1.4.2',
25 silly addNameRange     '1.6.6',
25 silly addNameRange     '1.6.7',
25 silly addNameRange     '1.6.8',
25 silly addNameRange     '1.6.9',
25 silly addNameRange     '1.7.0' ] ]
26 verbose addNamed [ 'bower', '1.7.0' ]
27 verbose addNamed [ '1.7.0', '1.7.0' ]
28 silly lockFile 58cd9bb9-bower-1-7-0 bower@1.7.0
29 verbose lock bower@1.7.0 /home/jordan/.npm/58cd9bb9-bower-1-7-0.lock
30 silly lockFile 1851f724--npmjs-org-bower-bower-1-7-0-tgz https://registry.npmjs.org/bower/-/bower-1.7.0.tgz
31 verbose lock https://registry.npmjs.org/bower/-/bower-1.7.0.tgz /home/jordan/.npm/1851f724--npmjs-org-bower-bower-1-7-0-tgz.lock
32 verbose addRemoteTarball [ 'https://registry.npmjs.org/bower/-/bower-1.7.0.tgz',
32 verbose addRemoteTarball   '55c9bf39f5547c02ed5469f67635637128adae29' ]
33 silly lockFile 1851f724--npmjs-org-bower-bower-1-7-0-tgz https://registry.npmjs.org/bower/-/bower-1.7.0.tgz
34 silly lockFile 1851f724--npmjs-org-bower-bower-1-7-0-tgz https://registry.npmjs.org/bower/-/bower-1.7.0.tgz
35 silly lockFile 58cd9bb9-bower-1-7-0 bower@1.7.0
36 silly lockFile 58cd9bb9-bower-1-7-0 bower@1.7.0
37 silly lockFile 1240aab1-bower bower@
38 silly lockFile 1240aab1-bower bower@
39 error Error: EACCES, mkdir '/home/jordan/tmp/npm-6814-azMOKgJD'
39 error  { [Error: EACCES, mkdir '/home/jordan/tmp/npm-6814-azMOKgJD']
39 error   errno: 3,
39 error   code: 'EACCES',
39 error   path: '/home/jordan/tmp/npm-6814-azMOKgJD' }
40 error Please try running this command again as root/Administrator.
41 error System Linux 3.19.0-39-generic
42 error command "/usr/bin/nodejs" "/usr/bin/npm" "install" "-g" "bower"
43 error cwd /home/jordan/WebstormProjects/timePuncher_frontEnd
44 error node -v v0.10.25
45 error npm -v 1.3.10
46 error path /home/jordan/tmp/npm-6814-azMOKgJD
47 error code EACCES
48 error errno 3
49 error stack Error: EACCES, mkdir '/home/jordan/tmp/npm-6814-azMOKgJD'
50 verbose exit [ 3, true ]
